<?xml version="1.0" encoding="UTF-8"?>
<!-- Generated by org.testng.reporters.JUnitReportReporter -->
<testsuite skipped="0" hostname="DESKTOP-G072IJM" name="test.TestPOSTRequest" tests="1" failures="0" timestamp="14 Aug 2019 09:17:36 GMT" time="6.208" errors="0">
  <testcase name="testPOSTRequestDetails" time="6.208" classname="test.TestPOSTRequest"/>
</testsuite> <!-- test.TestPOSTRequest -->
