<?xml version="1.0" encoding="UTF-8"?>
<!-- Generated by org.testng.reporters.JUnitReportReporter -->
<testsuite skipped="0" hostname="DESKTOP-G072IJM" name="test.TestDELETERequest" tests="1" failures="0" timestamp="14 Aug 2019 09:17:36 GMT" time="4.568" errors="0">
  <testcase name="testDELETERequestDetails" time="4.568" classname="test.TestDELETERequest"/>
</testsuite> <!-- test.TestDELETERequest -->
