<?xml version="1.0" encoding="UTF-8"?>
<!-- Generated by org.testng.reporters.JUnitReportReporter -->
<testsuite skipped="0" hostname="DESKTOP-G072IJM" name="tests.TestPOSTRequest" tests="1" failures="0" timestamp="14 Aug 2019 10:20:47 GMT" time="5.715" errors="0">
  <testcase name="testPOSTRequestDetails" time="5.715" classname="tests.TestPOSTRequest"/>
</testsuite> <!-- tests.TestPOSTRequest -->
